2015-12-01 12:41:47 - PHP Warning:  include(../parts/header.php): failed to open stream: No such file or directory in C:\xampp\htdocs\gastronom\catalog\view\theme\gordondalos\template\common\header.tpl on line 196
2015-12-01 12:41:47 - PHP Warning:  include(): Failed opening '../parts/header.php' for inclusion (include_path='.;C:\xampp\php\PEAR') in C:\xampp\htdocs\gastronom\catalog\view\theme\gordondalos\template\common\header.tpl on line 196
2015-12-01 12:42:12 - PHP Warning:  include(../../parts/header.php): failed to open stream: No such file or directory in C:\xampp\htdocs\gastronom\catalog\view\theme\gordondalos\template\common\header.tpl on line 196
2015-12-01 12:42:12 - PHP Warning:  include(): Failed opening '../../parts/header.php' for inclusion (include_path='.;C:\xampp\php\PEAR') in C:\xampp\htdocs\gastronom\catalog\view\theme\gordondalos\template\common\header.tpl on line 196
2015-12-01 12:44:09 - PHP Warning:  include(header/menu.php): failed to open stream: No such file or directory in C:\xampp\htdocs\gastronom\catalog\view\theme\gordondalos\template\common\header.tpl on line 202
2015-12-01 12:44:09 - PHP Warning:  include(): Failed opening 'header/menu.php' for inclusion (include_path='.;C:\xampp\php\PEAR') in C:\xampp\htdocs\gastronom\catalog\view\theme\gordondalos\template\common\header.tpl on line 202
2015-12-01 12:44:09 - PHP Warning:  include(header/hero.php): failed to open stream: No such file or directory in C:\xampp\htdocs\gastronom\catalog\view\theme\gordondalos\template\common\header.tpl on line 203
2015-12-01 12:44:09 - PHP Warning:  include(): Failed opening 'header/hero.php' for inclusion (include_path='.;C:\xampp\php\PEAR') in C:\xampp\htdocs\gastronom\catalog\view\theme\gordondalos\template\common\header.tpl on line 203
2015-12-01 14:16:19 - PHP Notice:  Undefined variable: informations in C:\xampp\htdocs\gastronom\catalog\view\theme\gordondalos\template\common\menu.tpl on line 29
2015-12-01 14:16:19 - PHP Warning:  Invalid argument supplied for foreach() in C:\xampp\htdocs\gastronom\catalog\view\theme\gordondalos\template\common\menu.tpl on line 29
2015-12-01 14:17:12 - PHP Notice:  Undefined variable: informations in C:\xampp\htdocs\gastronom\catalog\view\theme\gordondalos\template\common\menu.tpl on line 28
2015-12-01 14:23:06 - PHP Notice:  Undefined variable: text_information in C:\xampp\htdocs\gastronom\catalog\view\theme\gordondalos\template\common\menu.tpl on line 43
2015-12-01 18:54:22 - PHP Notice:  Undefined index: image in C:\xampp\htdocs\gastronom\catalog\view\theme\gordondalos\template\module\featured.tpl on line 10
2015-12-01 18:54:23 - PHP Notice:  Undefined index: image in C:\xampp\htdocs\gastronom\catalog\view\theme\gordondalos\template\module\featured.tpl on line 10
2015-12-01 18:54:23 - PHP Notice:  Undefined index: image in C:\xampp\htdocs\gastronom\catalog\view\theme\gordondalos\template\module\featured.tpl on line 10
2015-12-01 18:54:23 - PHP Notice:  Undefined index: image in C:\xampp\htdocs\gastronom\catalog\view\theme\gordondalos\template\module\featured.tpl on line 10
2015-12-01 18:54:33 - PHP Notice:  Undefined index: img in C:\xampp\htdocs\gastronom\catalog\view\theme\gordondalos\template\module\featured.tpl on line 10
2015-12-01 18:54:33 - PHP Notice:  Undefined index: img in C:\xampp\htdocs\gastronom\catalog\view\theme\gordondalos\template\module\featured.tpl on line 10
2015-12-01 18:54:33 - PHP Notice:  Undefined index: img in C:\xampp\htdocs\gastronom\catalog\view\theme\gordondalos\template\module\featured.tpl on line 10
2015-12-01 18:54:33 - PHP Notice:  Undefined index: img in C:\xampp\htdocs\gastronom\catalog\view\theme\gordondalos\template\module\featured.tpl on line 10
2015-12-01 19:45:48 - PHP Warning:  Invalid argument supplied for foreach() in C:\xampp\htdocs\gastronom\admin\controller\module\featured.php on line 124
2015-12-01 20:50:13 - PHP Notice:  Undefined variable: adress in C:\xampp\htdocs\gastronom\catalog\view\theme\gordondalos\template\common\footer.tpl on line 110
2015-12-01 20:50:22 - PHP Notice:  Undefined variable: adres in C:\xampp\htdocs\gastronom\catalog\view\theme\gordondalos\template\common\footer.tpl on line 110
2015-12-01 20:51:12 - PHP Notice:  Undefined variable: config_address in C:\xampp\htdocs\gastronom\catalog\view\theme\gordondalos\template\common\footer.tpl on line 110
2015-12-01 20:59:10 - PHP Notice:  Undefined variable: config_address in C:\xampp\htdocs\gastronom\catalog\view\theme\gordondalos\template\common\footer.tpl on line 123
2015-12-01 21:52:47 - PHP Notice:  Undefined index: href in C:\xampp\htdocs\gastronom\catalog\view\theme\gordondalos\template\common\hero.tpl on line 1
2015-12-01 21:53:15 - PHP Notice:  Use of undefined constant href - assumed 'href' in C:\xampp\htdocs\gastronom\catalog\view\theme\gordondalos\template\common\hero.tpl on line 1
2015-12-01 21:53:15 - PHP Notice:  Undefined index: href in C:\xampp\htdocs\gastronom\catalog\view\theme\gordondalos\template\common\hero.tpl on line 1
2015-12-01 21:53:25 - PHP Notice:  Array to string conversion in C:\xampp\htdocs\gastronom\catalog\view\theme\gordondalos\template\common\hero.tpl on line 1
2015-12-01 22:43:23 - PHP Notice:  Undefined variable: category in C:\xampp\htdocs\gastronom\catalog\view\theme\gordondalos\template\common\menu.tpl on line 11
2015-12-11 14:47:56 - PHP Warning:  ftp_login(): Login incorrect. in /home/gordon_dalos/web/gastronom.gordondalos.dvl.ecomlab.ru/public_html/admin/controller/extension/installer.php on line 295
2015-12-11 14:52:33 - PHP Warning:  ftp_login(): Login incorrect. in /home/gordon_dalos/web/gastronom.gordondalos.dvl.ecomlab.ru/public_html/admin/controller/extension/installer.php on line 295
2015-12-11 14:54:43 - PHP Warning:  ftp_login(): Login incorrect. in /home/gordon_dalos/web/gastronom.gordondalos.dvl.ecomlab.ru/public_html/admin/controller/extension/installer.php on line 295
2015-12-11 14:58:55 - PHP Warning:  ftp_login(): Login incorrect. in /home/gordon_dalos/web/gastronom.gordondalos.dvl.ecomlab.ru/public_html/admin/controller/extension/installer.php on line 295
2015-12-14 16:38:42 - PHP Warning:  include(menu.tpl): failed to open stream: No such file or directory in C:\xampp\htdocs\gastronom\vqmod\vqcache\vq2-catalog_view_theme_gordondalos_template_common_header.tpl on line 155
2015-12-14 16:38:42 - PHP Warning:  include(): Failed opening 'menu.tpl' for inclusion (include_path='.;C:\xampp\php\PEAR') in C:\xampp\htdocs\gastronom\vqmod\vqcache\vq2-catalog_view_theme_gordondalos_template_common_header.tpl on line 155
2015-12-14 16:38:42 - PHP Warning:  include(hero.tpl): failed to open stream: No such file or directory in C:\xampp\htdocs\gastronom\vqmod\vqcache\vq2-catalog_view_theme_gordondalos_template_common_header.tpl on line 156
2015-12-14 16:38:42 - PHP Warning:  include(): Failed opening 'hero.tpl' for inclusion (include_path='.;C:\xampp\php\PEAR') in C:\xampp\htdocs\gastronom\vqmod\vqcache\vq2-catalog_view_theme_gordondalos_template_common_header.tpl on line 156
2015-12-14 17:45:44 - PHP Warning:  include(menu.tpl): failed to open stream: No such file or directory in C:\xampp\htdocs\gastronom\vqmod\vqcache\vq2-catalog_view_theme_gordondalos_template_common_header.tpl on line 155
2015-12-14 17:45:44 - PHP Warning:  include(): Failed opening 'menu.tpl' for inclusion (include_path='.;C:\xampp\php\PEAR') in C:\xampp\htdocs\gastronom\vqmod\vqcache\vq2-catalog_view_theme_gordondalos_template_common_header.tpl on line 155
2015-12-14 17:45:44 - PHP Warning:  include(hero.tpl): failed to open stream: No such file or directory in C:\xampp\htdocs\gastronom\vqmod\vqcache\vq2-catalog_view_theme_gordondalos_template_common_header.tpl on line 156
2015-12-14 17:45:44 - PHP Warning:  include(): Failed opening 'hero.tpl' for inclusion (include_path='.;C:\xampp\php\PEAR') in C:\xampp\htdocs\gastronom\vqmod\vqcache\vq2-catalog_view_theme_gordondalos_template_common_header.tpl on line 156
2015-12-14 19:13:17 - PHP Warning:  include(menu.tpl): failed to open stream: No such file or directory in C:\xampp\htdocs\gastronom\vqmod\vqcache\vq2-catalog_view_theme_gordondalos_template_common_header.tpl on line 155
2015-12-14 19:13:17 - PHP Warning:  include(): Failed opening 'menu.tpl' for inclusion (include_path='.;C:\xampp\php\PEAR') in C:\xampp\htdocs\gastronom\vqmod\vqcache\vq2-catalog_view_theme_gordondalos_template_common_header.tpl on line 155
2015-12-14 19:13:17 - PHP Warning:  include(hero.tpl): failed to open stream: No such file or directory in C:\xampp\htdocs\gastronom\vqmod\vqcache\vq2-catalog_view_theme_gordondalos_template_common_header.tpl on line 156
2015-12-14 19:13:17 - PHP Warning:  include(): Failed opening 'hero.tpl' for inclusion (include_path='.;C:\xampp\php\PEAR') in C:\xampp\htdocs\gastronom\vqmod\vqcache\vq2-catalog_view_theme_gordondalos_template_common_header.tpl on line 156
